0 info it worked if it ends with ok
1 verbose cli [ '/usr/local/bin/node',
1 verbose cli   '/usr/local/bin/npm',
1 verbose cli   'install',
1 verbose cli   '-g',
1 verbose cli   'n' ]
2 info using npm@3.10.10
3 info using node@v6.9.5
4 silly loadCurrentTree Starting
5 silly install loadCurrentTree
6 silly install readGlobalPackageData
7 silly fetchPackageMetaData n
8 silly fetchNamedPackageData n
9 silly mapToRegistry name n
10 silly mapToRegistry using default registry
11 silly mapToRegistry registry https://registry.npmjs.org/
12 silly mapToRegistry data Result {
12 silly mapToRegistry   raw: 'n',
12 silly mapToRegistry   scope: null,
12 silly mapToRegistry   escapedName: 'n',
12 silly mapToRegistry   name: 'n',
12 silly mapToRegistry   rawSpec: '',
12 silly mapToRegistry   spec: 'latest',
12 silly mapToRegistry   type: 'tag' }
13 silly mapToRegistry uri https://registry.npmjs.org/n
14 verbose request uri https://registry.npmjs.org/n
15 verbose request no auth needed
16 info attempt registry request try #1 at 03:03:09
17 verbose request id 17a8bd00e51fab58
18 http request GET https://registry.npmjs.org/n
19 http 200 https://registry.npmjs.org/n
20 verbose headers { server: 'nginx/1.10.1',
20 verbose headers   'content-type': 'application/json',
20 verbose headers   'last-modified': 'Tue, 21 Mar 2017 01:35:06 GMT',
20 verbose headers   etag: 'W/"58d0834a-101ff"',
20 verbose headers   'content-encoding': 'gzip',
20 verbose headers   'cache-control': 'max-age=300',
20 verbose headers   'content-length': '11055',
20 verbose headers   'accept-ranges': 'bytes',
20 verbose headers   date: 'Fri, 24 Mar 2017 19:03:09 GMT',
20 verbose headers   via: '1.1 varnish',
20 verbose headers   age: '0',
20 verbose headers   connection: 'keep-alive',
20 verbose headers   'x-served-by': 'cache-hkg6822-HKG',
20 verbose headers   'x-cache': 'HIT',
20 verbose headers   'x-cache-hits': '1',
20 verbose headers   'x-timer': 'S1490382189.288522,VS0,VE178',
20 verbose headers   vary: 'Accept-Encoding' }
21 silly get cb [ 200,
21 silly get   { server: 'nginx/1.10.1',
21 silly get     'content-type': 'application/json',
21 silly get     'last-modified': 'Tue, 21 Mar 2017 01:35:06 GMT',
21 silly get     etag: 'W/"58d0834a-101ff"',
21 silly get     'content-encoding': 'gzip',
21 silly get     'cache-control': 'max-age=300',
21 silly get     'content-length': '11055',
21 silly get     'accept-ranges': 'bytes',
21 silly get     date: 'Fri, 24 Mar 2017 19:03:09 GMT',
21 silly get     via: '1.1 varnish',
21 silly get     age: '0',
21 silly get     connection: 'keep-alive',
21 silly get     'x-served-by': 'cache-hkg6822-HKG',
21 silly get     'x-cache': 'HIT',
21 silly get     'x-cache-hits': '1',
21 silly get     'x-timer': 'S1490382189.288522,VS0,VE178',
21 silly get     vary: 'Accept-Encoding' } ]
22 verbose get saving n to /Users/mac/.npm/registry.npmjs.org/n/.cache.json
23 verbose correctMkdir /Users/mac/.npm correctMkdir not in flight; initializing
24 silly install normalizeTree
25 silly loadCurrentTree Finishing
26 silly loadIdealTree Starting
27 silly install loadIdealTree
28 silly cloneCurrentTree Starting
29 silly install cloneCurrentTreeToIdealTree
30 silly cloneCurrentTree Finishing
31 silly loadShrinkwrap Starting
32 silly install loadShrinkwrap
33 silly loadShrinkwrap Finishing
34 silly loadAllDepsIntoIdealTree Starting
35 silly install loadAllDepsIntoIdealTree
36 silly resolveWithNewModule n@2.1.5 checking installable status
37 silly cache add args [ 'n', null ]
38 verbose cache add spec n
39 silly cache add parsed spec Result {
39 silly cache add   raw: 'n',
39 silly cache add   scope: null,
39 silly cache add   escapedName: 'n',
39 silly cache add   name: 'n',
39 silly cache add   rawSpec: '',
39 silly cache add   spec: 'latest',
39 silly cache add   type: 'tag' }
40 silly addNamed n@latest
41 verbose addNamed "latest" is being treated as a dist-tag for n
42 info addNameTag [ 'n', 'latest' ]
43 silly mapToRegistry name n
44 silly mapToRegistry using default registry
45 silly mapToRegistry registry https://registry.npmjs.org/
46 silly mapToRegistry data Result {
46 silly mapToRegistry   raw: 'n',
46 silly mapToRegistry   scope: null,
46 silly mapToRegistry   escapedName: 'n',
46 silly mapToRegistry   name: 'n',
46 silly mapToRegistry   rawSpec: '',
46 silly mapToRegistry   spec: 'latest',
46 silly mapToRegistry   type: 'tag' }
47 silly mapToRegistry uri https://registry.npmjs.org/n
48 verbose addNameTag registry:https://registry.npmjs.org/n not in flight; fetching
49 verbose get https://registry.npmjs.org/n not expired, no request
50 silly addNameTag next cb for n with tag latest
51 silly addNamed n@2.1.5
52 verbose addNamed "2.1.5" is a plain semver version for n
53 silly mapToRegistry name n
54 silly mapToRegistry using default registry
55 silly mapToRegistry registry https://registry.npmjs.org/
56 silly mapToRegistry data Result {
56 silly mapToRegistry   raw: 'n',
56 silly mapToRegistry   scope: null,
56 silly mapToRegistry   escapedName: 'n',
56 silly mapToRegistry   name: 'n',
56 silly mapToRegistry   rawSpec: '',
56 silly mapToRegistry   spec: 'latest',
56 silly mapToRegistry   type: 'tag' }
57 silly mapToRegistry uri https://registry.npmjs.org/n
58 verbose addRemoteTarball https://registry.npmjs.org/n/-/n-2.1.5.tgz not in flight; adding
59 verbose addRemoteTarball [ 'https://registry.npmjs.org/n/-/n-2.1.5.tgz',
59 verbose addRemoteTarball   '146a44fbcff3d3f12be7d7bcdd516d796be2e180' ]
60 info retry fetch attempt 1 at 03:03:09
61 info attempt registry request try #1 at 03:03:09
62 http fetch GET https://registry.npmjs.org/n/-/n-2.1.5.tgz
63 http fetch 200 https://registry.npmjs.org/n/-/n-2.1.5.tgz
64 silly fetchAndShaCheck shasum 146a44fbcff3d3f12be7d7bcdd516d796be2e180
65 verbose addTmpTarball /var/folders/dx/6nl2zh693vzdhsc819nlc5yw0000gn/T/npm-61373-cec0c195/registry.npmjs.org/n/-/n-2.1.5.tgz not in flight; adding
66 verbose addTmpTarball already have metadata; skipping unpack for n@2.1.5
67 verbose correctMkdir /Users/mac/.npm correctMkdir not in flight; initializing
68 silly cache afterAdd n@2.1.5
69 verbose afterAdd /Users/mac/.npm/n/2.1.5/package/package.json not in flight; writing
70 verbose correctMkdir /Users/mac/.npm correctMkdir not in flight; initializing
71 verbose afterAdd /Users/mac/.npm/n/2.1.5/package/package.json written
72 silly loadAllDepsIntoIdealTree Finishing
73 silly loadIdealTree Finishing
74 silly currentTree lib
75 silly idealTree lib
75 silly idealTree └── n@2.1.5
76 silly generateActionsToTake Starting
77 silly install generateActionsToTake
78 warn checkPermissions Missing write access to /usr/local/lib/node_modules
79 silly rollbackFailedOptional Starting
80 silly rollbackFailedOptional Finishing
81 silly runTopLevelLifecycles Finishing
82 silly install printInstalled
83 verbose stack Error: EACCES: permission denied, access '/usr/local/lib/node_modules'
83 verbose stack     at Error (native)
84 verbose cwd /Users/mac/Desktop/myapp
85 error Darwin 16.4.0
86 error argv "/usr/local/bin/node" "/usr/local/bin/npm" "install" "-g" "n"
87 error node v6.9.5
88 error npm  v3.10.10
89 error path /usr/local/lib/node_modules
90 error code EACCES
91 error errno -13
92 error syscall access
93 error Error: EACCES: permission denied, access '/usr/local/lib/node_modules'
93 error     at Error (native)
93 error  { Error: EACCES: permission denied, access '/usr/local/lib/node_modules'
93 error     at Error (native)
93 error   errno: -13,
93 error   code: 'EACCES',
93 error   syscall: 'access',
93 error   path: '/usr/local/lib/node_modules' }
94 error Please try running this command again as root/Administrator.
95 verbose exit [ -13, true ]
